2023-04-29T17:36:06.321245+0500 DEBUG Compressed
2023-04-29T17:36:06.842334+0500 DEBUG Password correct
2023-04-29T17:36:06.843156+0500 DEBUG Decompressed
2023-04-29T17:36:06.843392+0500 DEBUG Hashes matched
2023-04-30T01:10:50.882981+0500 DEBUG Compressed
2023-04-30T01:10:51.489850+0500 DEBUG Password correct
2023-04-30T01:10:51.490588+0500 DEBUG Decompressed
2023-04-30T01:10:51.490863+0500 DEBUG Hashes matched
2023-04-30T01:16:10.272152+0500 DEBUG Compressed
2023-04-30T01:16:10.432973+0500 DEBUG Password correct
2023-04-30T01:16:10.434273+0500 DEBUG Decompressed
2023-04-30T01:16:10.434598+0500 DEBUG Hashes matched
2023-04-30T01:17:55.725498+0500 DEBUG Compressed
2023-04-30T01:17:55.879256+0500 DEBUG Password correct
2023-04-30T01:17:55.879873+0500 DEBUG Decompressed
2023-04-30T01:17:55.880145+0500 DEBUG Hashes matched
2023-04-30T13:28:32.071774+0500 DEBUG Compressed
2023-04-30T13:28:32.292873+0500 DEBUG Password correct
2023-04-30T13:28:32.293904+0500 DEBUG Decompressed
2023-04-30T13:28:32.294192+0500 DEBUG Hashes matched
2023-04-30T14:29:35.038174+0500 DEBUG Decompressed
2023-04-30T14:29:37.175455+0500 DEBUG Password correct
2023-04-30T14:29:37.175950+0500 DEBUG Hashes matched
2023-04-30T14:30:30.668140+0500 DEBUG Compressed
2023-04-30T14:30:31.237315+0500 DEBUG Password correct
2023-04-30T14:30:31.238152+0500 DEBUG Decompressed
2023-04-30T14:30:31.238481+0500 DEBUG Hashes matched
2023-04-30T14:31:08.408842+0500 DEBUG Compressed
2023-04-30T14:31:10.226794+0500 DEBUG Password correct
2023-04-30T14:31:10.229175+0500 DEBUG Decompressed
2023-04-30T14:31:10.229915+0500 DEBUG Hashes matched
2023-04-30T14:31:59.456646+0500 DEBUG Compressed
2023-04-30T14:33:01.024034+0500 DEBUG Password correct
2023-04-30T14:33:01.026078+0500 DEBUG Decompressed
2023-04-30T14:33:01.026500+0500 DEBUG Hashes matched
2023-04-30T14:33:12.213682+0500 DEBUG Compressed
2023-04-30T14:33:19.053353+0500 DEBUG Password correct
2023-04-30T14:33:19.055605+0500 DEBUG Decompressed
2023-04-30T14:33:19.055998+0500 ERROR Hashes did not match
2023-04-30T14:33:48.209887+0500 DEBUG Compressed
2023-04-30T14:35:34.241953+0500 DEBUG Password correct
2023-04-30T14:35:34.244502+0500 DEBUG Decompressed
2023-04-30T14:35:34.245102+0500 DEBUG Hashes matched
2023-04-30T14:40:35.869375+0500 DEBUG Compressed
2023-04-30T14:40:36.161384+0500 DEBUG Password correct
2023-04-30T14:40:36.163399+0500 DEBUG Decompressed
2023-04-30T14:40:36.163784+0500 DEBUG Hashes matched
2023-04-30T14:40:59.089918+0500 DEBUG Compressed
2023-04-30T14:40:59.288101+0500 DEBUG Password correct
2023-04-30T14:40:59.290061+0500 DEBUG Decompressed
2023-04-30T14:40:59.290531+0500 DEBUG Hashes matched
2023-04-30T14:42:01.998267+0500 DEBUG Compressed
2023-04-30T14:42:04.557139+0500 DEBUG Password correct
2023-04-30T14:42:04.559189+0500 DEBUG Decompressed
2023-04-30T14:42:04.559571+0500 DEBUG Hashes matched
2023-04-30T14:54:19.887850+0500 DEBUG Compressed
2023-04-30T14:54:19.888868+0500 ERROR file is warning
2023-04-30T14:55:09.571457+0500 DEBUG Compressed
2023-04-30T14:55:09.572415+0500 ERROR file is warning
2023-04-30T14:56:05.689139+0500 DEBUG Compressed
2023-04-30T14:56:05.690446+0500 ERROR file is warning
2023-04-30T15:05:00.595260+0500 DEBUG Compressed
2023-04-30T15:05:01.828366+0500 DEBUG Password correct
2023-04-30T15:05:01.829611+0500 ERROR file is warning
2023-04-30T15:06:35.638230+0500 DEBUG Compressed
2023-04-30T15:06:36.584211+0500 DEBUG Password correct
2023-04-30T15:06:36.586185+0500 DEBUG Decompressed
2023-04-30T15:06:36.586573+0500 DEBUG Hashes matched
2023-04-30T15:09:31.641230+0500 DEBUG Compressed
2023-04-30T15:09:32.642485+0500 DEBUG Password correct
2023-04-30T15:09:32.644913+0500 DEBUG Decompressed
2023-04-30T15:09:32.645685+0500 DEBUG Hashes matched
2023-04-30T15:11:50.493944+0500 DEBUG Compressed
2023-04-30T15:11:50.937900+0500 DEBUG Password correct
2023-04-30T15:11:50.939818+0500 DEBUG Decompressed
2023-04-30T15:11:50.940118+0500 DEBUG Hashes matched
2023-04-30T15:13:14.300013+0500 DEBUG Compressed
2023-04-30T15:13:15.033398+0500 DEBUG Password correct
2023-04-30T15:13:15.046741+0500 DEBUG Decompressed
2023-04-30T15:13:15.047409+0500 DEBUG Hashes matched
2023-04-30T15:14:40.469680+0500 DEBUG Compressed
2023-04-30T15:14:40.470608+0500 ERROR file is warning
2023-04-30T15:14:51.503481+0500 DEBUG Compressed
2023-04-30T15:14:51.504619+0500 ERROR file is warning
2023-04-30T15:17:26.434956+0500 DEBUG Compressed
2023-04-30T15:17:26.436056+0500 ERROR file is warning
2023-04-30T15:17:43.557234+0500 DEBUG Compressed
2023-04-30T15:17:43.558075+0500 ERROR file is warning
2023-04-30T15:18:26.129657+0500 DEBUG Compressed
2023-04-30T15:18:26.940794+0500 DEBUG Password correct
2023-04-30T15:18:26.952538+0500 DEBUG Decompressed
2023-04-30T15:18:26.953065+0500 DEBUG Hashes matched
2023-04-30T15:19:18.921370+0500 DEBUG Compressed
2023-04-30T15:19:27.133440+0500 DEBUG Password correct
2023-04-30T15:19:27.142452+0500 DEBUG Decompressed
2023-04-30T15:19:27.142939+0500 DEBUG Hashes matched
2023-04-30T15:28:47.883023+0500 DEBUG Compressed
2023-04-30T15:28:48.830615+0500 DEBUG Password correct
2023-04-30T15:28:48.832500+0500 DEBUG Decompressed
2023-04-30T15:28:48.832848+0500 DEBUG Hashes matched
2023-04-30T15:29:23.105111+0500 DEBUG Compressed
2023-04-30T15:29:23.106190+0500 ERROR file is warning
2023-04-30T15:34:31.385336+0500 DEBUG Compressed
2023-04-30T15:34:31.386230+0500 ERROR file is warning
2023-04-30T15:35:35.536655+0500 DEBUG Compressed
2023-04-30T15:36:18.894125+0500 DEBUG Compressed
2023-04-30T15:36:19.529292+0500 DEBUG Password correct
2023-04-30T15:36:19.531367+0500 DEBUG Decompressed
2023-04-30T15:36:19.531849+0500 DEBUG Hashes matched
2023-04-30T15:36:34.206458+0500 DEBUG Compressed
2023-04-30T15:36:34.844037+0500 DEBUG Password correct
2023-04-30T15:36:34.846160+0500 DEBUG Decompressed
2023-04-30T15:36:34.846765+0500 DEBUG Hashes matched
2023-04-30T15:37:28.813999+0500 DEBUG Compressed
2023-04-30T15:37:29.613422+0500 DEBUG Password correct
2023-04-30T15:37:29.615208+0500 DEBUG Decompressed
2023-04-30T15:37:29.615600+0500 DEBUG Hashes matched
2023-04-30T15:39:28.738135+0500 DEBUG Compressed
2023-04-30T15:39:29.432237+0500 DEBUG Password correct
2023-04-30T15:39:29.433554+0500 DEBUG Decompressed
2023-04-30T15:39:29.433858+0500 DEBUG Hashes matched
2023-04-30T15:43:38.083533+0500 DEBUG Compressed
2023-04-30T15:43:38.877189+0500 DEBUG Password correct
2023-04-30T15:43:38.879145+0500 DEBUG Decompressed
2023-04-30T15:43:38.879699+0500 DEBUG Hashes matched
2023-04-30T15:43:57.800659+0500 DEBUG Compressed
2023-04-30T15:43:58.299417+0500 DEBUG Password correct
2023-04-30T15:43:58.301750+0500 DEBUG Decompressed
2023-04-30T15:43:58.302145+0500 DEBUG Hashes matched
2023-04-30T15:49:53.135386+0500 DEBUG Compressed
2023-04-30T15:49:53.665351+0500 DEBUG Password correct
2023-04-30T15:49:53.666317+0500 DEBUG Decompressed
2023-04-30T15:49:53.666637+0500 DEBUG Hashes matched
2023-04-30T16:03:23.843933+0500 DEBUG Compressed
2023-04-30T16:03:24.865607+0500 DEBUG Password correct
2023-04-30T16:03:24.878443+0500 DEBUG Decompressed
2023-04-30T16:03:24.879167+0500 DEBUG Hashes matched
2023-04-30T16:03:57.415114+0500 DEBUG Compressed
2023-04-30T16:04:31.231772+0500 ERROR Password incorrect
2023-04-30T16:05:36.131364+0500 DEBUG Compressed
2023-04-30T16:05:38.371522+0500 DEBUG Password correct
2023-04-30T16:05:38.383715+0500 DEBUG Decompressed
2023-04-30T16:05:38.384320+0500 DEBUG Hashes matched
2023-04-30T16:06:41.021131+0500 DEBUG Compressed
2023-04-30T16:06:52.911659+0500 DEBUG Password correct
2023-04-30T16:06:52.919889+0500 DEBUG Decompressed
2023-04-30T16:06:52.920364+0500 DEBUG Hashes matched
2023-04-30T16:06:54.749061+0500 DEBUG Compressed
2023-04-30T16:07:03.162666+0500 ERROR Password incorrect
2023-04-30T16:07:05.197622+0500 DEBUG Compressed
2023-04-30T16:10:51.231356+0500 DEBUG Password correct
2023-04-30T16:10:51.241280+0500 DEBUG Decompressed
2023-04-30T16:10:51.241833+0500 DEBUG Hashes matched
2023-04-30T16:10:53.574498+0500 DEBUG Compressed
2023-04-30T16:11:10.864916+0500 ERROR Password incorrect
2023-04-30T16:11:13.156165+0500 DEBUG Compressed
2023-04-30T16:12:19.231261+0500 DEBUG Password correct
2023-04-30T16:12:19.244072+0500 DEBUG Decompressed
2023-04-30T16:12:19.244722+0500 DEBUG Hashes matched
2023-04-30T16:12:21.294585+0500 DEBUG Compressed
2023-04-30T16:12:28.893866+0500 DEBUG Password correct
2023-04-30T16:12:28.899925+0500 DEBUG Decompressed
2023-04-30T16:12:28.900344+0500 DEBUG Hashes matched
2023-04-30T16:12:32.043182+0500 DEBUG Compressed
2023-04-30T16:12:33.483910+0500 DEBUG Password correct
2023-04-30T16:12:33.496408+0500 DEBUG Decompressed
2023-04-30T16:12:33.497001+0500 DEBUG Hashes matched
