2023-04-18T19:12:58.774812+0500 DEBUG Compressed
2023-04-18T19:12:58.775656+0500 DEBUG Decompressed
2023-04-18T19:12:58.775811+0500 ERROR File not compiling
2023-04-18T19:13:04.027669+0500 DEBUG Compressed
2023-04-18T19:13:04.028530+0500 DEBUG Decompressed
2023-04-18T19:13:04.028677+0500 ERROR File not compiling
2023-04-18T19:17:20.876620+0500 DEBUG Compressed
2023-04-18T19:17:20.877536+0500 DEBUG Decompressed
2023-04-18T19:17:20.877685+0500 ERROR File not compiling
2023-04-18T19:17:26.244073+0500 DEBUG Compressed
2023-04-18T19:17:26.244972+0500 DEBUG Decompressed
2023-04-18T19:17:26.245133+0500 ERROR File not compiling
2023-04-18T19:24:43.508077+0500 DEBUG Compressed
2023-04-18T19:25:05.261015+0500 DEBUG Compressed
2023-04-18T19:25:31.212361+0500 DEBUG Compressed
2023-04-18T19:28:43.121739+0500 DEBUG Compressed
2023-04-18T19:29:06.760569+0500 DEBUG Compressed
2023-04-18T19:29:17.467811+0500 DEBUG Compressed
2023-04-18T19:29:36.167028+0500 DEBUG Compressed
2023-04-18T19:29:36.167724+0500 DEBUG Decompressed
2023-04-18T19:29:56.897732+0500 DEBUG Compressed
2023-04-18T19:29:56.898445+0500 DEBUG Decompressed
2023-04-18T19:46:30.733451+0500 DEBUG Compressed
2023-04-18T19:46:30.734301+0500 DEBUG Decompressed
2023-04-18T19:46:58.108956+0500 DEBUG Compressed
2023-04-18T19:46:58.109673+0500 DEBUG Decompressed
2023-04-18T19:47:28.024608+0500 DEBUG Compressed
2023-04-18T19:47:28.025302+0500 DEBUG Decompressed
2023-04-18T19:47:46.177029+0500 DEBUG Compressed
2023-04-18T19:47:46.177731+0500 DEBUG Decompressed
2023-04-18T19:48:08.795345+0500 DEBUG Compressed
2023-04-18T19:48:08.796059+0500 DEBUG Decompressed
2023-04-18T19:48:08.796222+0500 ERROR File not compiling
2023-04-18T19:48:53.816522+0500 DEBUG Compressed
2023-04-18T19:48:53.817389+0500 DEBUG Decompressed
2023-04-18T19:49:36.699219+0500 DEBUG Compressed
2023-04-18T19:49:36.699960+0500 DEBUG Decompressed
2023-04-18T19:49:36.700159+0500 ERROR File not compiling
2023-04-18T19:49:46.846875+0500 DEBUG Compressed
2023-04-18T19:49:46.847493+0500 DEBUG Decompressed
2023-04-18T19:49:46.847672+0500 ERROR File not compiling
2023-04-18T19:50:31.691966+0500 DEBUG Compressed
2023-04-18T19:50:31.692650+0500 DEBUG Decompressed
2023-04-18T19:50:31.692851+0500 ERROR File not compiling
2023-04-18T19:51:06.145968+0500 DEBUG Compressed
2023-04-18T19:51:06.146767+0500 DEBUG Decompressed
2023-04-18T19:51:06.146971+0500 ERROR File not compiling
2023-04-18T19:51:43.356295+0500 DEBUG Compressed
2023-04-18T19:51:43.357052+0500 DEBUG Decompressed
2023-04-18T19:52:02.376786+0500 DEBUG Compressed
2023-04-18T19:52:02.377416+0500 DEBUG Decompressed
2023-04-18T19:52:02.377578+0500 ERROR File not compiling
2023-04-18T19:54:02.615411+0500 DEBUG Compressed
2023-04-18T19:54:02.616183+0500 DEBUG Decompressed
2023-04-18T19:54:10.717673+0500 DEBUG Compressed
2023-04-18T19:54:10.718392+0500 DEBUG Decompressed
2023-04-18T19:54:42.559279+0500 DEBUG Compressed
2023-04-18T19:54:42.559981+0500 DEBUG Decompressed
2023-04-18T19:56:43.268730+0500 DEBUG Compressed
2023-04-18T19:56:49.477473+0500 DEBUG Compressed
2023-04-18T19:56:56.911768+0500 DEBUG Compressed
2023-04-18T20:00:13.387542+0500 DEBUG Compressed
2023-04-18T20:00:19.912477+0500 DEBUG Compressed
2023-04-18T20:00:27.278500+0500 DEBUG Compressed
2023-04-19T01:13:10.801516+0500 DEBUG Compressed
2023-04-19T01:14:48.013955+0500 DEBUG Compressed
2023-04-19T01:17:07.161139+0500 DEBUG Compressed
2023-04-19T01:17:35.306853+0500 DEBUG Compressed
2023-04-19T01:18:39.010812+0500 DEBUG Compressed
2023-04-19T01:19:28.050413+0500 DEBUG Compressed
2023-04-19T01:19:41.695694+0500 DEBUG Compressed
2023-04-19T01:19:47.811130+0500 DEBUG Compressed
2023-04-19T01:19:53.111629+0500 DEBUG Compressed
2023-04-19T01:31:43.055474+0500 DEBUG Compressed
2023-04-19T01:31:52.987338+0500 ERROR File is warning
2023-04-19T01:32:57.032607+0500 DEBUG Compressed
2023-04-19T01:33:04.516808+0500 DEBUG Compressed
2023-04-19T01:33:11.284660+0500 DEBUG Compressed
2023-04-19T01:33:22.122239+0500 DEBUG Compressed
2023-04-19T01:33:33.360793+0500 DEBUG Compressed
2023-04-19T01:33:38.374915+0500 DEBUG Compressed
2023-04-19T01:36:00.989151+0500 DEBUG Compressed
2023-04-19T01:36:07.335568+0500 DEBUG Compressed
2023-04-19T01:36:13.046126+0500 DEBUG Compressed
2023-04-19T01:44:45.002115+0500 DEBUG Compressed
2023-04-19T01:44:51.234934+0500 DEBUG Compressed
2023-04-19T01:44:57.873802+0500 DEBUG Compressed
2023-04-19T01:46:26.748979+0500 DEBUG Compressed
2023-04-19T01:46:26.749807+0500 DEBUG Decompressed
2023-04-19T01:46:26.750066+0500 DEBUG File compile
2023-04-19T01:46:41.719195+0500 DEBUG Compressed
2023-04-19T01:46:41.719943+0500 DEBUG Decompressed
2023-04-19T01:46:41.720111+0500 DEBUG File compile
